  ExceptionHandling.cpp
  Hizmet.cpp
C:\Users\ayitk\Desktop\Hotel-System-main\Hotel\OdaIslem.h(295,26): warning C4267: '=': conversion from 'size_t' to 'int', possible loss of data
C:\Users\ayitk\Desktop\Hotel-System-main\Hotel\Temizlik.h(67,1): warning C4267: '=': conversion from 'size_t' to 'int', possible loss of data
C:\Users\ayitk\Desktop\Hotel-System-main\Hotel\Temizlik.h(132,1): warning C4267: '=': conversion from 'size_t' to 'int', possible loss of data
  IslemGecmisi.cpp
  KisiIclal.cpp
C:\Users\ayitk\Desktop\Hotel-System-main\Hotel\OdaIslem.h(295,26): warning C4267: '=': conversion from 'size_t' to 'int', possible loss of data
  Kupon.cpp
C:\Users\ayitk\Desktop\Hotel-System-main\Hotel\OdaIslem.h(295,26): warning C4267: '=': conversion from 'size_t' to 'int', possible loss of data
C:\Users\ayitk\Desktop\Hotel-System-main\Hotel\Turizm.h(102,29): warning C4267: 'initializing': conversion from 'size_t' to 'int', possible loss of data
C:\Users\ayitk\Desktop\Hotel-System-main\Hotel\Turizm.h(131,29): warning C4267: 'initializing': conversion from 'size_t' to 'int', possible loss of data
C:\Users\ayitk\Desktop\Hotel-System-main\Hotel\Turizm.h(165,26): warning C4267: '=': conversion from 'size_t' to 'int', possible loss of data
  ListSakir.cpp
  Main.cpp
C:\Users\ayitk\Desktop\Hotel-System-main\Hotel\OdaIslem.h(295,26): warning C4267: '=': conversion from 'size_t' to 'int', possible loss of data
C:\Users\ayitk\Desktop\Hotel-System-main\Hotel\Turizm.h(102,29): warning C4267: 'initializing': conversion from 'size_t' to 'int', possible loss of data
C:\Users\ayitk\Desktop\Hotel-System-main\Hotel\Turizm.h(131,29): warning C4267: 'initializing': conversion from 'size_t' to 'int', possible loss of data
C:\Users\ayitk\Desktop\Hotel-System-main\Hotel\Turizm.h(165,26): warning C4267: '=': conversion from 'size_t' to 'int', possible loss of data
C:\Users\ayitk\Desktop\Hotel-System-main\Hotel\Temizlik.h(67,1): warning C4267: '=': conversion from 'size_t' to 'int', possible loss of data
C:\Users\ayitk\Desktop\Hotel-System-main\Hotel\Temizlik.h(132,1): warning C4267: '=': conversion from 'size_t' to 'int', possible loss of data
C:\Users\ayitk\Desktop\Hotel-System-main\Hotel\Personel.h(102,45): warning C4101: 'mesaiSecim': unreferenced local variable
  Muhasebe.cpp
  Node.cpp
  NodeSakir.cpp
  OdaIslem.cpp
C:\Users\ayitk\Desktop\Hotel-System-main\Hotel\OdaIslem.h(295,26): warning C4267: '=': conversion from 'size_t' to 'int', possible loss of data
  OdaOlustur.cpp
  OdaServisi.cpp
C:\Users\ayitk\Desktop\Hotel-System-main\Hotel\OdaIslem.h(295,26): warning C4267: '=': conversion from 'size_t' to 'int', possible loss of data
  Personel.cpp
C:\Users\ayitk\Desktop\Hotel-System-main\Hotel\Personel.h(102,45): warning C4101: 'mesaiSecim': unreferenced local variable
  Temizlik.cpp
C:\Users\ayitk\Desktop\Hotel-System-main\Hotel\OdaIslem.h(295,26): warning C4267: '=': conversion from 'size_t' to 'int', possible loss of data
C:\Users\ayitk\Desktop\Hotel-System-main\Hotel\Temizlik.h(67,1): warning C4267: '=': conversion from 'size_t' to 'int', possible loss of data
C:\Users\ayitk\Desktop\Hotel-System-main\Hotel\Temizlik.h(132,1): warning C4267: '=': conversion from 'size_t' to 'int', possible loss of data
  Turizm.cpp
C:\Users\ayitk\Desktop\Hotel-System-main\Hotel\OdaIslem.h(295,26): warning C4267: '=': conversion from 'size_t' to 'int', possible loss of data
C:\Users\ayitk\Desktop\Hotel-System-main\Hotel\Turizm.h(102,29): warning C4267: 'initializing': conversion from 'size_t' to 'int', possible loss of data
C:\Users\ayitk\Desktop\Hotel-System-main\Hotel\Turizm.h(131,29): warning C4267: 'initializing': conversion from 'size_t' to 'int', possible loss of data
C:\Users\ayitk\Desktop\Hotel-System-main\Hotel\Turizm.h(165,26): warning C4267: '=': conversion from 'size_t' to 'int', possible loss of data
  Generating Code...
  Hotel.vcxproj -> C:\Users\ayitk\Desktop\Hotel-System-main\x64\Debug\Hotel.exe
