c:\users\ferhat\source\repos\c\hotel\hotel\x64\debug\vc143.pdb
c:\users\ferhat\source\repos\c\hotel\hotel\x64\debug\vc143.idb
c:\users\ferhat\source\repos\c\hotel\hotel\x64\debug\turizm.obj
c:\users\ferhat\source\repos\c\hotel\hotel\x64\debug\temizlik.obj
c:\users\ferhat\source\repos\c\hotel\hotel\x64\debug\personel.obj
c:\users\ferhat\source\repos\c\hotel\hotel\x64\debug\odaservisi.obj
c:\users\ferhat\source\repos\c\hotel\hotel\x64\debug\odaolustur.obj
c:\users\ferhat\source\repos\c\hotel\hotel\x64\debug\odaislem.obj
c:\users\ferhat\source\repos\c\hotel\hotel\x64\debug\nodesakir.obj
c:\users\ferhat\source\repos\c\hotel\hotel\x64\debug\node.obj
c:\users\ferhat\source\repos\c\hotel\hotel\x64\debug\muhasebe.obj
c:\users\ferhat\source\repos\c\hotel\hotel\x64\debug\main.obj
c:\users\ferhat\source\repos\c\hotel\hotel\x64\debug\listsakir.obj
c:\users\ferhat\source\repos\c\hotel\hotel\x64\debug\kupon.obj
c:\users\ferhat\source\repos\c\hotel\hotel\x64\debug\kisiiclal.obj
c:\users\ferhat\source\repos\c\hotel\hotel\x64\debug\islemgecmisi.obj
c:\users\ferhat\source\repos\c\hotel\hotel\x64\debug\hizmet.obj
c:\users\ferhat\source\repos\c\hotel\hotel\x64\debug\exceptionhandling.obj
c:\users\ferhat\source\repos\c\hotel\x64\debug\hotel.exe
c:\users\ferhat\source\repos\c\hotel\hotel\x64\debug\hotel.ilk
c:\users\ferhat\source\repos\c\hotel\x64\debug\hotel.pdb
c:\users\ayitk\desktop\hotel-system-main\hotel\x64\debug\exceptionhandling.obj
c:\users\ayitk\desktop\hotel-system-main\hotel\x64\debug\hizmet.obj
c:\users\ayitk\desktop\hotel-system-main\hotel\x64\debug\islemgecmisi.obj
c:\users\ayitk\desktop\hotel-system-main\hotel\x64\debug\kisiiclal.obj
c:\users\ayitk\desktop\hotel-system-main\hotel\x64\debug\kupon.obj
c:\users\ayitk\desktop\hotel-system-main\hotel\x64\debug\listsakir.obj
c:\users\ayitk\desktop\hotel-system-main\hotel\x64\debug\main.obj
c:\users\ayitk\desktop\hotel-system-main\hotel\x64\debug\muhasebe.obj
c:\users\ayitk\desktop\hotel-system-main\hotel\x64\debug\node.obj
c:\users\ayitk\desktop\hotel-system-main\hotel\x64\debug\nodesakir.obj
c:\users\ayitk\desktop\hotel-system-main\hotel\x64\debug\odaislem.obj
c:\users\ayitk\desktop\hotel-system-main\hotel\x64\debug\odaolustur.obj
c:\users\ayitk\desktop\hotel-system-main\hotel\x64\debug\odaservisi.obj
c:\users\ayitk\desktop\hotel-system-main\hotel\x64\debug\personel.obj
c:\users\ayitk\desktop\hotel-system-main\hotel\x64\debug\temizlik.obj
c:\users\ayitk\desktop\hotel-system-main\hotel\x64\debug\turizm.obj
c:\users\ayitk\desktop\hotel-system-main\hotel\x64\debug\hotel.ilk
c:\users\ayitk\desktop\hotel-system-main\hotel\x64\debug\vc143.idb
c:\users\ayitk\desktop\hotel-system-main\hotel\x64\debug\vc143.pdb
c:\users\ayitk\desktop\hotel-system-main\x64\debug\hotel.pdb
c:\users\ayitk\desktop\hotel-system-main\x64\debug\hotel.exe
c:\users\ayitk\desktop\hotel-system-main\hotel\x64\debug\hotel.tlog\cl.command.1.tlog
c:\users\ayitk\desktop\hotel-system-main\hotel\x64\debug\hotel.tlog\cl.read.1.tlog
c:\users\ayitk\desktop\hotel-system-main\hotel\x64\debug\hotel.tlog\cl.write.1.tlog
c:\users\ayitk\desktop\hotel-system-main\hotel\x64\debug\hotel.tlog\link.command.1.tlog
c:\users\ayitk\desktop\hotel-system-main\hotel\x64\debug\hotel.tlog\link.read.1.tlog
c:\users\ayitk\desktop\hotel-system-main\hotel\x64\debug\hotel.tlog\link.write.1.tlog
